{"/Users/macbookpro/WebstormProjects/prectice13.12.21/src/compareStrings.js": {"path":"/Users/macbookpro/WebstormProjects/prectice13.12.21/src/compareStrings.js","statementMap":{"0":{"start":{"line":2,"column":4},"end":{"line":4,"column":5}},"1":{"start":{"line":3,"column":8},"end":{"line":3,"column":28}},"2":{"start":{"line":5,"column":18},"end":{"line":5,"column":80}},"3":{"start":{"line":6,"column":18},"end":{"line":6,"column":80}},"4":{"start":{"line":7,"column":15},"end":{"line":7,"column":48}},"5":{"start":{"line":8,"column":15},"end":{"line":8,"column":48}},"6":{"start":{"line":10,"column":4},"end":{"line":19,"column":9}},"7":{"start":{"line":10,"column":17},"end":{"line":10,"column":18}},"8":{"start":{"line":11,"column":8},"end":{"line":18,"column":13}},"9":{"start":{"line":11,"column":21},"end":{"line":11,"column":22}},"10":{"start":{"line":12,"column":12},"end":{"line":14,"column":13}},"11":{"start":{"line":13,"column":16},"end":{"line":13,"column":29}},"12":{"start":{"line":15,"column":13},"end":{"line":17,"column":13}},"13":{"start":{"line":16,"column":16},"end":{"line":16,"column":28}},"14":{"start":{"line":22,"column":0},"end":{"line":22,"column":47}},"15":{"start":{"line":24,"column":0},"end":{"line":24,"column":32}}},"fnMap":{"0":{"name":"compareStrings","decl":{"start":{"line":1,"column":9},"end":{"line":1,"column":23}},"loc":{"start":{"line":1,"column":36},"end":{"line":20,"column":1}},"line":1}},"branchMap":{"0":{"loc":{"start":{"line":2,"column":4},"end":{"line":4,"column":5}},"type":"if","locations":[{"start":{"line":2,"column":4},"end":{"line":4,"column":5}},{"start":{},"end":{}}],"line":2},"1":{"loc":{"start":{"line":2,"column":7},"end":{"line":2,"column":59}},"type":"binary-expr","locations":[{"start":{"line":2,"column":7},"end":{"line":2,"column":31}},{"start":{"line":2,"column":35},"end":{"line":2,"column":59}}],"line":2},"2":{"loc":{"start":{"line":12,"column":12},"end":{"line":14,"column":13}},"type":"if","locations":[{"start":{"line":12,"column":12},"end":{"line":14,"column":13}},{"start":{},"end":{}}],"line":12},"3":{"loc":{"start":{"line":15,"column":13},"end":{"line":17,"column":13}},"type":"if","locations":[{"start":{"line":15,"column":13},"end":{"line":17,"column":13}},{"start":{},"end":{}}],"line":15}},"s":{"0":7,"1":1,"2":6,"3":6,"4":6,"5":6,"6":6,"7":6,"8":6,"9":6,"10":6,"11":3,"12":3,"13":3,"14":1,"15":1},"f":{"0":7},"b":{"0":[1,6],"1":[7,6],"2":[3,3],"3":[3,0]},"_coverageSchema":"1a1c01bbd47fc00a2c39e90264f33305004495a9","hash":"3d150d150fc167ab36a58f9acfba39e4dde6e55b"}
}
