{"/Users/macbookpro/WebstormProjects/prectice13.12.21/src/outOfCircle.js": {"path":"/Users/macbookpro/WebstormProjects/prectice13.12.21/src/outOfCircle.js","statementMap":{"0":{"start":{"line":2,"column":17},"end":{"line":2,"column":19}},"1":{"start":{"line":3,"column":4},"end":{"line":11,"column":5}},"2":{"start":{"line":3,"column":17},"end":{"line":3,"column":18}},"3":{"start":{"line":4,"column":8},"end":{"line":10,"column":9}},"4":{"start":{"line":4,"column":21},"end":{"line":4,"column":22}},"5":{"start":{"line":5,"column":12},"end":{"line":7,"column":13}},"6":{"start":{"line":6,"column":16},"end":{"line":6,"column":22}},"7":{"start":{"line":8,"column":12},"end":{"line":8,"column":49}},"8":{"start":{"line":12,"column":4},"end":{"line":12,"column":18}},"9":{"start":{"line":14,"column":0},"end":{"line":14,"column":27}},"10":{"start":{"line":16,"column":0},"end":{"line":16,"column":29}}},"fnMap":{"0":{"name":"outOfCircle","decl":{"start":{"line":1,"column":9},"end":{"line":1,"column":20}},"loc":{"start":{"line":1,"column":23},"end":{"line":13,"column":1}},"line":1}},"branchMap":{"0":{"loc":{"start":{"line":5,"column":12},"end":{"line":7,"column":13}},"type":"if","locations":[{"start":{"line":5,"column":12},"end":{"line":7,"column":13}},{"start":{},"end":{}}],"line":5},"1":{"loc":{"start":{"line":5,"column":16},"end":{"line":5,"column":36}},"type":"binary-expr","locations":[{"start":{"line":5,"column":16},"end":{"line":5,"column":24}},{"start":{"line":5,"column":28},"end":{"line":5,"column":36}}],"line":5}},"s":{"0":2,"1":2,"2":2,"3":32,"4":32,"5":632,"6":2,"7":630,"8":2,"9":1,"10":1},"f":{"0":2},"b":{"0":[2,630],"1":[632,32]},"_coverageSchema":"1a1c01bbd47fc00a2c39e90264f33305004495a9","hash":"273f87ee88299ee00cc7b2fe2eb2f4bbad04c7d6"}
}
