{"/Users/macbookpro/WebstormProjects/practice20.12.2/src/compareObj.js": {"path":"/Users/macbookpro/WebstormProjects/practice20.12.2/src/compareObj.js","statementMap":{"0":{"start":{"line":4,"column":4},"end":{"line":6,"column":5}},"1":{"start":{"line":5,"column":8},"end":{"line":5,"column":21}},"2":{"start":{"line":7,"column":4},"end":{"line":9,"column":5}},"3":{"start":{"line":8,"column":8},"end":{"line":8,"column":36}},"4":{"start":{"line":10,"column":4},"end":{"line":20,"column":5}},"5":{"start":{"line":11,"column":8},"end":{"line":11,"column":20}},"6":{"start":{"line":13,"column":8},"end":{"line":15,"column":9}},"7":{"start":{"line":14,"column":12},"end":{"line":14,"column":25}},"8":{"start":{"line":15,"column":10},"end":{"line":19,"column":9}},"9":{"start":{"line":16,"column":12},"end":{"line":18,"column":13}},"10":{"start":{"line":17,"column":16},"end":{"line":17,"column":29}},"11":{"start":{"line":21,"column":4},"end":{"line":21,"column":16}},"12":{"start":{"line":23,"column":0},"end":{"line":23,"column":48}},"13":{"start":{"line":24,"column":0},"end":{"line":24,"column":60}},"14":{"start":{"line":25,"column":0},"end":{"line":25,"column":55}},"15":{"start":{"line":26,"column":0},"end":{"line":26,"column":56}},"16":{"start":{"line":27,"column":0},"end":{"line":27,"column":48}},"17":{"start":{"line":28,"column":0},"end":{"line":28,"column":54}},"18":{"start":{"line":29,"column":0},"end":{"line":29,"column":48}},"19":{"start":{"line":30,"column":0},"end":{"line":30,"column":36}},"20":{"start":{"line":31,"column":0},"end":{"line":31,"column":60}},"21":{"start":{"line":32,"column":0},"end":{"line":32,"column":60}},"22":{"start":{"line":33,"column":0},"end":{"line":33,"column":64}},"23":{"start":{"line":37,"column":0},"end":{"line":37,"column":28}}},"fnMap":{"0":{"name":"compareObj","decl":{"start":{"line":1,"column":9},"end":{"line":1,"column":19}},"loc":{"start":{"line":1,"column":32},"end":{"line":22,"column":1}},"line":1}},"branchMap":{"0":{"loc":{"start":{"line":4,"column":4},"end":{"line":6,"column":5}},"type":"if","locations":[{"start":{"line":4,"column":4},"end":{"line":6,"column":5}},{"start":{},"end":{}}],"line":4},"1":{"loc":{"start":{"line":4,"column":7},"end":{"line":4,"column":59}},"type":"binary-expr","locations":[{"start":{"line":4,"column":7},"end":{"line":4,"column":31}},{"start":{"line":4,"column":35},"end":{"line":4,"column":59}}],"line":4},"2":{"loc":{"start":{"line":7,"column":4},"end":{"line":9,"column":5}},"type":"if","locations":[{"start":{"line":7,"column":4},"end":{"line":9,"column":5}},{"start":{},"end":{}}],"line":7},"3":{"loc":{"start":{"line":7,"column":7},"end":{"line":7,"column":37}},"type":"binary-expr","locations":[{"start":{"line":7,"column":7},"end":{"line":7,"column":20}},{"start":{"line":7,"column":24},"end":{"line":7,"column":37}}],"line":7},"4":{"loc":{"start":{"line":10,"column":4},"end":{"line":20,"column":5}},"type":"if","locations":[{"start":{"line":10,"column":4},"end":{"line":20,"column":5}},{"start":{"line":12,"column":11},"end":{"line":20,"column":5}}],"line":10},"5":{"loc":{"start":{"line":13,"column":8},"end":{"line":15,"column":9}},"type":"if","locations":[{"start":{"line":13,"column":8},"end":{"line":15,"column":9}},{"start":{},"end":{}}],"line":13},"6":{"loc":{"start":{"line":16,"column":12},"end":{"line":18,"column":13}},"type":"if","locations":[{"start":{"line":16,"column":12},"end":{"line":18,"column":13}},{"start":{},"end":{}}],"line":16}},"s":{"0":22,"1":2,"2":20,"3":4,"4":16,"5":0,"6":16,"7":8,"8":8,"9":18,"10":2,"11":6,"12":1,"13":1,"14":1,"15":1,"16":1,"17":1,"18":1,"19":1,"20":1,"21":1,"22":1,"23":1},"f":{"0":22},"b":{"0":[2,20],"1":[22,20],"2":[4,16],"3":[20,16],"4":[0,16],"5":[8,8],"6":[2,16]},"_coverageSchema":"1a1c01bbd47fc00a2c39e90264f33305004495a9","hash":"3f50e186638d057624b49267fabd719152115850"}
}
