TN:
SF:src/compareObj.js
FN:1,compareObj
FNF:1
FNH:1
FNDA:22,compareObj
DA:4,22
DA:5,2
DA:7,20
DA:8,4
DA:10,16
DA:11,0
DA:13,16
DA:14,8
DA:15,8
DA:16,18
DA:17,2
DA:21,6
DA:23,1
DA:24,1
DA:25,1
DA:26,1
DA:27,1
DA:28,1
DA:29,1
DA:30,1
DA:31,1
DA:32,1
DA:33,1
DA:37,1
LF:24
LH:23
BRDA:4,0,0,2
BRDA:4,0,1,20
BRDA:4,1,0,22
BRDA:4,1,1,20
BRDA:7,2,0,4
BRDA:7,2,1,16
BRDA:7,3,0,20
BRDA:7,3,1,16
BRDA:10,4,0,0
BRDA:10,4,1,16
BRDA:13,5,0,8
BRDA:13,5,1,8
BRDA:16,6,0,2
BRDA:16,6,1,16
BRF:14
BRH:13
end_of_record
