<?xml version="1.0" encoding="UTF-8"?>
<coverage generated="1641246809134" clover="3.2.0">
  <project timestamp="1641246809135" name="All files">
    <metrics statements="55" coveredstatements="55" conditionals="34" coveredconditionals="33" methods="9" coveredmethods="9" elements="98" coveredelements="97" complexity="0" loc="55" ncloc="55" packages="1" files="5" classes="5"/>
    <file name="bind.js" path="/Users/macbookpro/WebstormProjects/practice_28.12.21/src/bind.js">
      <metrics statements="6" coveredstatements="6" conditionals="0" coveredconditionals="0" methods="1" coveredmethods="1"/>
      <line num="9" count="1" type="stmt"/>
      <line num="17" count="1" type="stmt"/>
      <line num="18" count="2" type="stmt"/>
      <line num="20" count="1" type="stmt"/>
      <line num="23" count="1" type="stmt"/>
      <line num="26" count="1" type="stmt"/>
    </file>
    <file name="crossingObj.js" path="/Users/macbookpro/WebstormProjects/practice_28.12.21/src/crossingObj.js">
      <metrics statements="12" coveredstatements="12" conditionals="9" coveredconditionals="8" methods="2" coveredmethods="2"/>
      <line num="8" count="9" type="cond" truecount="6" falsecount="0"/>
      <line num="9" count="4" type="stmt"/>
      <line num="11" count="5" type="stmt"/>
      <line num="12" count="5" type="stmt"/>
      <line num="13" count="5" type="cond" truecount="0" falsecount="1"/>
      <line num="14" count="16" type="cond" truecount="2" falsecount="0"/>
      <line num="15" count="3" type="stmt"/>
      <line num="20" count="16" type="stmt"/>
      <line num="23" count="1" type="stmt"/>
      <line num="24" count="1" type="stmt"/>
      <line num="25" count="1" type="stmt"/>
      <line num="28" count="1" type="stmt"/>
    </file>
    <file name="isDeepCompare.js" path="/Users/macbookpro/WebstormProjects/practice_28.12.21/src/isDeepCompare.js">
      <metrics statements="17" coveredstatements="17" conditionals="16" coveredconditionals="16" methods="2" coveredmethods="2"/>
      <line num="2" count="11" type="stmt"/>
      <line num="3" count="11" type="stmt"/>
      <line num="4" count="11" type="cond" truecount="2" falsecount="0"/>
      <line num="5" count="2" type="stmt"/>
      <line num="7" count="9" type="stmt"/>
      <line num="8" count="13" type="stmt"/>
      <line num="9" count="13" type="stmt"/>
      <line num="10" count="13" type="cond" truecount="6" falsecount="0"/>
      <line num="11" count="2" type="stmt"/>
      <line num="13" count="11" type="cond" truecount="2" falsecount="0"/>
      <line num="14" count="5" type="stmt"/>
      <line num="19" count="6" type="cond" truecount="4" falsecount="0"/>
      <line num="20" count="3" type="stmt"/>
      <line num="23" count="3" type="stmt"/>
      <line num="25" count="9" type="cond" truecount="2" falsecount="0"/>
      <line num="28" count="1" type="stmt"/>
      <line num="30" count="1" type="stmt"/>
    </file>
    <file name="removeRepetitions.js" path="/Users/macbookpro/WebstormProjects/practice_28.12.21/src/removeRepetitions.js">
      <metrics statements="14" coveredstatements="14" conditionals="4" coveredconditionals="4" methods="2" coveredmethods="2"/>
      <line num="1" count="1" type="stmt"/>
      <line num="3" count="11" type="cond" truecount="4" falsecount="0"/>
      <line num="4" count="4" type="stmt"/>
      <line num="5" count="7" type="stmt"/>
      <line num="6" count="7" type="stmt"/>
      <line num="7" count="60" type="stmt"/>
      <line num="8" count="60" type="stmt"/>
      <line num="11" count="7" type="stmt"/>
      <line num="14" count="1" type="stmt"/>
      <line num="15" count="1" type="stmt"/>
      <line num="16" count="1" type="stmt"/>
      <line num="17" count="1" type="stmt"/>
      <line num="18" count="1" type="stmt"/>
      <line num="20" count="1" type="stmt"/>
    </file>
    <file name="searchEmptiness.js" path="/Users/macbookpro/WebstormProjects/practice_28.12.21/src/searchEmptiness.js">
      <metrics statements="6" coveredstatements="6" conditionals="5" coveredconditionals="5" methods="2" coveredmethods="2"/>
      <line num="2" count="5" type="stmt"/>
      <line num="3" count="5" type="cond" truecount="2" falsecount="0"/>
      <line num="4" count="1" type="stmt"/>
      <line num="9" count="4" type="cond" truecount="3" falsecount="0"/>
      <line num="12" count="1" type="stmt"/>
      <line num="15" count="1" type="stmt"/>
    </file>
  </project>
</coverage>
