TN:
SF:src/bind.js
FN:17,(anonymous_0)
FNF:1
FNH:1
FNDA:2,(anonymous_0)
DA:9,1
DA:17,1
DA:18,2
DA:20,1
DA:23,1
DA:26,1
LF:6
LH:6
BRF:0
BRH:0
end_of_record
TN:
SF:src/crossingObj.js
FN:7,crossingObj
FN:13,(anonymous_1)
FNF:2
FNH:2
FNDA:9,crossingObj
FNDA:16,(anonymous_1)
DA:8,9
DA:9,4
DA:11,5
DA:12,5
DA:13,5
DA:14,16
DA:15,3
DA:20,16
DA:23,1
DA:24,1
DA:25,1
DA:28,1
LF:12
LH:12
BRDA:8,0,0,4
BRDA:8,0,1,5
BRDA:8,1,0,9
BRDA:8,1,1,9
BRDA:8,1,2,7
BRDA:8,1,3,5
BRDA:13,2,0,0
BRDA:14,3,0,3
BRDA:14,3,1,13
BRF:9
BRH:8
end_of_record
TN:
SF:src/isDeepCompare.js
FN:1,isDeepCompare
FN:7,(anonymous_1)
FNF:2
FNH:2
FNDA:11,isDeepCompare
FNDA:13,(anonymous_1)
DA:2,11
DA:3,11
DA:4,11
DA:5,2
DA:7,9
DA:8,13
DA:9,13
DA:10,13
DA:11,2
DA:13,11
DA:14,5
DA:19,6
DA:20,3
DA:23,3
DA:25,9
DA:28,1
DA:30,1
LF:17
LH:17
BRDA:4,0,0,2
BRDA:4,0,1,9
BRDA:10,1,0,2
BRDA:10,1,1,11
BRDA:10,2,0,13
BRDA:10,2,1,1
BRDA:10,2,2,12
BRDA:10,2,3,1
BRDA:13,3,0,5
BRDA:13,3,1,6
BRDA:19,4,0,3
BRDA:19,4,1,3
BRDA:19,5,0,6
BRDA:19,5,1,4
BRDA:25,6,0,9
BRDA:25,6,1,7
BRF:16
BRH:16
end_of_record
TN:
SF:src/removeRepetitions.js
FN:2,removeRepetitions
FN:6,(anonymous_1)
FNF:2
FNH:2
FNDA:11,removeRepetitions
FNDA:60,(anonymous_1)
DA:1,1
DA:3,11
DA:4,4
DA:5,7
DA:6,7
DA:7,60
DA:8,60
DA:11,7
DA:14,1
DA:15,1
DA:16,1
DA:17,1
DA:18,1
DA:20,1
LF:14
LH:14
BRDA:3,0,0,4
BRDA:3,0,1,7
BRDA:3,1,0,11
BRDA:3,1,1,9
BRF:4
BRH:4
end_of_record
TN:
SF:src/searchEmptiness.js
FN:1,searchEmptiness
FN:9,(anonymous_1)
FNF:2
FNH:2
FNDA:5,searchEmptiness
FNDA:4,(anonymous_1)
DA:2,5
DA:3,5
DA:4,1
DA:9,4
DA:12,1
DA:15,1
LF:6
LH:6
BRDA:3,0,0,1
BRDA:3,0,1,4
BRDA:9,1,0,4
BRDA:9,1,1,2
BRDA:9,1,2,2
BRF:5
BRH:5
end_of_record
