{"/Users/macbookpro/WebstormProjects/practice_28.12.21/src/bind.js": {"path":"/Users/macbookpro/WebstormProjects/practice_28.12.21/src/bind.js","statementMap":{"0":{"start":{"line":9,"column":10},"end":{"line":15,"column":1}},"1":{"start":{"line":17,"column":1},"end":{"line":19,"column":2}},"2":{"start":{"line":18,"column":5},"end":{"line":18,"column":60}},"3":{"start":{"line":20,"column":5},"end":{"line":20,"column":39}},"4":{"start":{"line":23,"column":0},"end":{"line":23,"column":57}},"5":{"start":{"line":26,"column":0},"end":{"line":26,"column":28}}},"fnMap":{"0":{"name":"(anonymous_0)","decl":{"start":{"line":17,"column":14},"end":{"line":17,"column":15}},"loc":{"start":{"line":17,"column":27},"end":{"line":19,"column":2}},"line":17}},"branchMap":{},"s":{"0":1,"1":1,"2":2,"3":1,"4":1,"5":1},"f":{"0":2},"b":{},"_coverageSchema":"1a1c01bbd47fc00a2c39e90264f33305004495a9","hash":"0c9a2e2e0b19cf82f5749c96fb3212b4c163a2cc"}
,"/Users/macbookpro/WebstormProjects/practice_28.12.21/src/crossingObj.js": {"path":"/Users/macbookpro/WebstormProjects/practice_28.12.21/src/crossingObj.js","statementMap":{"0":{"start":{"line":8,"column":4},"end":{"line":10,"column":5}},"1":{"start":{"line":9,"column":8},"end":{"line":9,"column":21}},"2":{"start":{"line":11,"column":17},"end":{"line":11,"column":34}},"3":{"start":{"line":12,"column":17},"end":{"line":12,"column":34}},"4":{"start":{"line":13,"column":0},"end":{"line":21,"column":7}},"5":{"start":{"line":14,"column":4},"end":{"line":19,"column":5}},"6":{"start":{"line":15,"column":8},"end":{"line":18,"column":10}},"7":{"start":{"line":20,"column":4},"end":{"line":20,"column":15}},"8":{"start":{"line":23,"column":0},"end":{"line":23,"column":44}},"9":{"start":{"line":24,"column":0},"end":{"line":24,"column":70}},"10":{"start":{"line":25,"column":0},"end":{"line":25,"column":53}},"11":{"start":{"line":28,"column":0},"end":{"line":28,"column":29}}},"fnMap":{"0":{"name":"crossingObj","decl":{"start":{"line":7,"column":9},"end":{"line":7,"column":20}},"loc":{"start":{"line":7,"column":33},"end":{"line":22,"column":1}},"line":7},"1":{"name":"(anonymous_1)","decl":{"start":{"line":13,"column":23},"end":{"line":13,"column":24}},"loc":{"start":{"line":13,"column":41},"end":{"line":21,"column":1}},"line":13}},"branchMap":{"0":{"loc":{"start":{"line":8,"column":4},"end":{"line":10,"column":5}},"type":"if","locations":[{"start":{"line":8,"column":4},"end":{"line":10,"column":5}},{"start":{},"end":{}}],"line":8},"1":{"loc":{"start":{"line":8,"column":7},"end":{"line":8,"column":93}},"type":"binary-expr","locations":[{"start":{"line":8,"column":7},"end":{"line":8,"column":31}},{"start":{"line":8,"column":35},"end":{"line":8,"column":59}},{"start":{"line":8,"column":63},"end":{"line":8,"column":76}},{"start":{"line":8,"column":80},"end":{"line":8,"column":93}}],"line":8},"2":{"loc":{"start":{"line":13,"column":24},"end":{"line":13,"column":31}},"type":"default-arg","locations":[{"start":{"line":13,"column":29},"end":{"line":13,"column":31}}],"line":13},"3":{"loc":{"start":{"line":14,"column":4},"end":{"line":19,"column":5}},"type":"if","locations":[{"start":{"line":14,"column":4},"end":{"line":19,"column":5}},{"start":{},"end":{}}],"line":14}},"s":{"0":9,"1":4,"2":5,"3":5,"4":5,"5":16,"6":3,"7":16,"8":1,"9":1,"10":1,"11":1},"f":{"0":9,"1":16},"b":{"0":[4,5],"1":[9,9,7,5],"2":[0],"3":[3,13]},"_coverageSchema":"1a1c01bbd47fc00a2c39e90264f33305004495a9","hash":"b416b04c55a3c08ea650d313441025db7832ac5e"}
,"/Users/macbookpro/WebstormProjects/practice_28.12.21/src/isDeepCompare.js": {"path":"/Users/macbookpro/WebstormProjects/practice_28.12.21/src/isDeepCompare.js","statementMap":{"0":{"start":{"line":2,"column":25},"end":{"line":2,"column":46}},"1":{"start":{"line":3,"column":26},"end":{"line":3,"column":48}},"2":{"start":{"line":4,"column":4},"end":{"line":6,"column":5}},"3":{"start":{"line":5,"column":8},"end":{"line":5,"column":21}},"4":{"start":{"line":7,"column":24},"end":{"line":24,"column":6}},"5":{"start":{"line":8,"column":32},"end":{"line":8,"column":45}},"6":{"start":{"line":9,"column":33},"end":{"line":9,"column":47}},"7":{"start":{"line":10,"column":8},"end":{"line":12,"column":9}},"8":{"start":{"line":11,"column":12},"end":{"line":11,"column":24}},"9":{"start":{"line":13,"column":8},"end":{"line":15,"column":9}},"10":{"start":{"line":14,"column":12},"end":{"line":14,"column":24}},"11":{"start":{"line":19,"column":8},"end":{"line":21,"column":9}},"12":{"start":{"line":20,"column":12},"end":{"line":20,"column":68}},"13":{"start":{"line":23,"column":8},"end":{"line":23,"column":21}},"14":{"start":{"line":25,"column":5},"end":{"line":25,"column":77}},"15":{"start":{"line":28,"column":0},"end":{"line":28,"column":72}},"16":{"start":{"line":30,"column":0},"end":{"line":30,"column":31}}},"fnMap":{"0":{"name":"isDeepCompare","decl":{"start":{"line":1,"column":9},"end":{"line":1,"column":22}},"loc":{"start":{"line":1,"column":44},"end":{"line":27,"column":1}},"line":1},"1":{"name":"(anonymous_1)","decl":{"start":{"line":7,"column":41},"end":{"line":7,"column":42}},"loc":{"start":{"line":7,"column":50},"end":{"line":24,"column":5}},"line":7}},"branchMap":{"0":{"loc":{"start":{"line":4,"column":4},"end":{"line":6,"column":5}},"type":"if","locations":[{"start":{"line":4,"column":4},"end":{"line":6,"column":5}},{"start":{},"end":{}}],"line":4},"1":{"loc":{"start":{"line":10,"column":8},"end":{"line":12,"column":9}},"type":"if","locations":[{"start":{"line":10,"column":8},"end":{"line":12,"column":9}},{"start":{},"end":{}}],"line":10},"2":{"loc":{"start":{"line":10,"column":11},"end":{"line":10,"column":135}},"type":"binary-expr","locations":[{"start":{"line":10,"column":12},"end":{"line":10,"column":41}},{"start":{"line":10,"column":45},"end":{"line":10,"column":75}},{"start":{"line":10,"column":81},"end":{"line":10,"column":105}},{"start":{"line":10,"column":109},"end":{"line":10,"column":134}}],"line":10},"3":{"loc":{"start":{"line":13,"column":8},"end":{"line":15,"column":9}},"type":"if","locations":[{"start":{"line":13,"column":8},"end":{"line":15,"column":9}},{"start":{},"end":{}}],"line":13},"4":{"loc":{"start":{"line":19,"column":8},"end":{"line":21,"column":9}},"type":"if","locations":[{"start":{"line":19,"column":8},"end":{"line":21,"column":9}},{"start":{},"end":{}}],"line":19},"5":{"loc":{"start":{"line":19,"column":11},"end":{"line":19,"column":87}},"type":"binary-expr","locations":[{"start":{"line":19,"column":11},"end":{"line":19,"column":46}},{"start":{"line":19,"column":50},"end":{"line":19,"column":87}}],"line":19},"6":{"loc":{"start":{"line":25,"column":12},"end":{"line":25,"column":76}},"type":"binary-expr","locations":[{"start":{"line":25,"column":12},"end":{"line":25,"column":40}},{"start":{"line":25,"column":44},"end":{"line":25,"column":76}}],"line":25}},"s":{"0":11,"1":11,"2":11,"3":2,"4":9,"5":13,"6":13,"7":13,"8":2,"9":11,"10":5,"11":6,"12":3,"13":3,"14":9,"15":1,"16":1},"f":{"0":11,"1":13},"b":{"0":[2,9],"1":[2,11],"2":[13,1,12,1],"3":[5,6],"4":[3,3],"5":[6,4],"6":[9,7]},"_coverageSchema":"1a1c01bbd47fc00a2c39e90264f33305004495a9","hash":"aec699bc157871082e7f46286cfc53c0a6076245"}
,"/Users/macbookpro/WebstormProjects/practice_28.12.21/src/removeRepetitions.js": {"path":"/Users/macbookpro/WebstormProjects/practice_28.12.21/src/removeRepetitions.js","statementMap":{"0":{"start":{"line":1,"column":12},"end":{"line":1,"column":23}},"1":{"start":{"line":3,"column":4},"end":{"line":4,"column":21}},"2":{"start":{"line":4,"column":8},"end":{"line":4,"column":21}},"3":{"start":{"line":5,"column":16},"end":{"line":5,"column":18}},"4":{"start":{"line":6,"column":20},"end":{"line":10,"column":6}},"5":{"start":{"line":7,"column":8},"end":{"line":7,"column":61}},"6":{"start":{"line":8,"column":8},"end":{"line":8,"column":43}},"7":{"start":{"line":11,"column":4},"end":{"line":11,"column":19}},"8":{"start":{"line":14,"column":0},"end":{"line":14,"column":43}},"9":{"start":{"line":15,"column":0},"end":{"line":15,"column":34}},"10":{"start":{"line":16,"column":0},"end":{"line":16,"column":39}},"11":{"start":{"line":17,"column":0},"end":{"line":17,"column":55}},"12":{"start":{"line":18,"column":0},"end":{"line":18,"column":51}},"13":{"start":{"line":20,"column":0},"end":{"line":20,"column":35}}},"fnMap":{"0":{"name":"removeRepetitions","decl":{"start":{"line":2,"column":9},"end":{"line":2,"column":26}},"loc":{"start":{"line":2,"column":32},"end":{"line":13,"column":1}},"line":2},"1":{"name":"(anonymous_1)","decl":{"start":{"line":6,"column":31},"end":{"line":6,"column":32}},"loc":{"start":{"line":6,"column":48},"end":{"line":10,"column":5}},"line":6}},"branchMap":{"0":{"loc":{"start":{"line":3,"column":4},"end":{"line":4,"column":21}},"type":"if","locations":[{"start":{"line":3,"column":4},"end":{"line":4,"column":21}},{"start":{},"end":{}}],"line":3},"1":{"loc":{"start":{"line":3,"column":7},"end":{"line":3,"column":46}},"type":"binary-expr","locations":[{"start":{"line":3,"column":7},"end":{"line":3,"column":26}},{"start":{"line":3,"column":30},"end":{"line":3,"column":46}}],"line":3}},"s":{"0":1,"1":11,"2":4,"3":7,"4":7,"5":60,"6":60,"7":7,"8":1,"9":1,"10":1,"11":1,"12":1,"13":1},"f":{"0":11,"1":60},"b":{"0":[4,7],"1":[11,9]},"_coverageSchema":"1a1c01bbd47fc00a2c39e90264f33305004495a9","hash":"68bd397ef1b329d60c14abd1ad4464dcea15cc23"}
,"/Users/macbookpro/WebstormProjects/practice_28.12.21/src/searchEmptiness.js": {"path":"/Users/macbookpro/WebstormProjects/practice_28.12.21/src/searchEmptiness.js","statementMap":{"0":{"start":{"line":2,"column":20},"end":{"line":2,"column":36}},"1":{"start":{"line":3,"column":4},"end":{"line":5,"column":5}},"2":{"start":{"line":4,"column":8},"end":{"line":4,"column":20}},"3":{"start":{"line":9,"column":4},"end":{"line":9,"column":93}},"4":{"start":{"line":9,"column":36},"end":{"line":9,"column":84}},"5":{"start":{"line":12,"column":0},"end":{"line":12,"column":36}},"6":{"start":{"line":15,"column":0},"end":{"line":15,"column":33}}},"fnMap":{"0":{"name":"searchEmptiness","decl":{"start":{"line":1,"column":9},"end":{"line":1,"column":24}},"loc":{"start":{"line":1,"column":30},"end":{"line":10,"column":1}},"line":1},"1":{"name":"(anonymous_1)","decl":{"start":{"line":9,"column":27},"end":{"line":9,"column":28}},"loc":{"start":{"line":9,"column":36},"end":{"line":9,"column":84}},"line":9}},"branchMap":{"0":{"loc":{"start":{"line":3,"column":4},"end":{"line":5,"column":5}},"type":"if","locations":[{"start":{"line":3,"column":4},"end":{"line":5,"column":5}},{"start":{},"end":{}}],"line":3},"1":{"loc":{"start":{"line":9,"column":36},"end":{"line":9,"column":84}},"type":"binary-expr","locations":[{"start":{"line":9,"column":36},"end":{"line":9,"column":44}},{"start":{"line":9,"column":48},"end":{"line":9,"column":62}},{"start":{"line":9,"column":66},"end":{"line":9,"column":84}}],"line":9}},"s":{"0":5,"1":5,"2":1,"3":4,"4":4,"5":1,"6":1},"f":{"0":5,"1":4},"b":{"0":[1,4],"1":[4,2,2]},"_coverageSchema":"1a1c01bbd47fc00a2c39e90264f33305004495a9","hash":"c4622e558f5009d6099839e83d6d015f90d85794"}
}
